  main.cpp
C:\Users\bugro\source\repos\Project1\Project1\main.cpp(79,60): warning C4244: аргумент: преобразование "_Tp" в "_Tp", возможна потеря данных
C:\Users\bugro\source\repos\Project1\Project1\main.cpp(79,60): warning C4244:         with
C:\Users\bugro\source\repos\Project1\Project1\main.cpp(79,60): warning C4244:         [
C:\Users\bugro\source\repos\Project1\Project1\main.cpp(79,60): warning C4244:             _Tp=float
C:\Users\bugro\source\repos\Project1\Project1\main.cpp(79,60): warning C4244:         ]
C:\Users\bugro\source\repos\Project1\Project1\main.cpp(79,60): warning C4244:         and
C:\Users\bugro\source\repos\Project1\Project1\main.cpp(79,60): warning C4244:         [
C:\Users\bugro\source\repos\Project1\Project1\main.cpp(79,60): warning C4244:             _Tp=int
C:\Users\bugro\source\repos\Project1\Project1\main.cpp(79,60): warning C4244:         ]
C:\Users\bugro\source\repos\Project1\Project1\main.cpp(79,47): warning C4244: аргумент: преобразование "_Tp" в "_Tp", возможна потеря данных
C:\Users\bugro\source\repos\Project1\Project1\main.cpp(79,47): warning C4244:         with
C:\Users\bugro\source\repos\Project1\Project1\main.cpp(79,47): warning C4244:         [
C:\Users\bugro\source\repos\Project1\Project1\main.cpp(79,47): warning C4244:             _Tp=float
C:\Users\bugro\source\repos\Project1\Project1\main.cpp(79,47): warning C4244:         ]
C:\Users\bugro\source\repos\Project1\Project1\main.cpp(79,47): warning C4244:         and
C:\Users\bugro\source\repos\Project1\Project1\main.cpp(79,47): warning C4244:         [
C:\Users\bugro\source\repos\Project1\Project1\main.cpp(79,47): warning C4244:             _Tp=int
C:\Users\bugro\source\repos\Project1\Project1\main.cpp(79,47): warning C4244:         ]
C:\Users\bugro\source\repos\Project1\Project1\main.cpp(82,60): warning C4244: аргумент: преобразование "_Tp" в "_Tp", возможна потеря данных
C:\Users\bugro\source\repos\Project1\Project1\main.cpp(82,60): warning C4244:         with
C:\Users\bugro\source\repos\Project1\Project1\main.cpp(82,60): warning C4244:         [
C:\Users\bugro\source\repos\Project1\Project1\main.cpp(82,60): warning C4244:             _Tp=float
C:\Users\bugro\source\repos\Project1\Project1\main.cpp(82,60): warning C4244:         ]
C:\Users\bugro\source\repos\Project1\Project1\main.cpp(82,60): warning C4244:         and
C:\Users\bugro\source\repos\Project1\Project1\main.cpp(82,60): warning C4244:         [
C:\Users\bugro\source\repos\Project1\Project1\main.cpp(82,60): warning C4244:             _Tp=int
C:\Users\bugro\source\repos\Project1\Project1\main.cpp(82,60): warning C4244:         ]
C:\Users\bugro\source\repos\Project1\Project1\main.cpp(82,47): warning C4244: аргумент: преобразование "_Tp" в "_Tp", возможна потеря данных
C:\Users\bugro\source\repos\Project1\Project1\main.cpp(82,47): warning C4244:         with
C:\Users\bugro\source\repos\Project1\Project1\main.cpp(82,47): warning C4244:         [
C:\Users\bugro\source\repos\Project1\Project1\main.cpp(82,47): warning C4244:             _Tp=float
C:\Users\bugro\source\repos\Project1\Project1\main.cpp(82,47): warning C4244:         ]
C:\Users\bugro\source\repos\Project1\Project1\main.cpp(82,47): warning C4244:         and
C:\Users\bugro\source\repos\Project1\Project1\main.cpp(82,47): warning C4244:         [
C:\Users\bugro\source\repos\Project1\Project1\main.cpp(82,47): warning C4244:             _Tp=int
C:\Users\bugro\source\repos\Project1\Project1\main.cpp(82,47): warning C4244:         ]
  Project1.vcxproj -> C:\Users\bugro\source\repos\Project1\x64\Debug\Project1.exe
